<?xml version="1.0" encoding="UTF-8"?>
<coverage generated="1526431902339" clover="3.2.0">
  <project timestamp="1526431902339" name="All files">
    <metrics statements="8" coveredstatements="3" conditionals="2" coveredconditionals="0" methods="3" coveredmethods="2" elements="13" coveredelements="5" complexity="0" loc="8" ncloc="8" packages="1" files="1" classes="1">
      <file name="list.js" path="/Users/jen/codefellows/401/02-tools-and-context/lib/list.js">
        <metrics statements="8" coveredstatements="3" conditionals="2" coveredconditionals="0" methods="3" coveredmethods="2"/>
        <line num="5" count="3" type="stmt"/>
        <line num="9" count="4" type="stmt"/>
        <line num="20" count="0" type="cond" truecount="0" falsecount="2"/>
        <line num="21" count="0" type="stmt"/>
        <line num="22" count="0" type="stmt"/>
        <line num="23" count="0" type="stmt"/>
        <line num="25" count="0" type="stmt"/>
        <line num="29" count="1" type="stmt"/>
      </file>
    </metrics>
  </project>
</coverage>
