<?xml version="1.0" encoding="UTF-8"?>
<coverage generated="1529279189021" clover="3.2.0">
  <project timestamp="1529279189021" name="All files">
    <metrics statements="20" coveredstatements="20" conditionals="8" coveredconditionals="8" methods="6" coveredmethods="6" elements="34" coveredelements="34" complexity="0" loc="20" ncloc="20" packages="1" files="1" classes="1">
      <file name="list.js" path="/Users/jen/codefellows/401/02-tools-and-context/lib/list.js">
        <metrics statements="20" coveredstatements="20" conditionals="8" coveredconditionals="8" methods="6" coveredmethods="6"/>
        <line num="5" count="13" type="stmt"/>
        <line num="9" count="30" type="stmt"/>
        <line num="13" count="2" type="stmt"/>
        <line num="14" count="2" type="stmt"/>
        <line num="15" count="2" type="stmt"/>
        <line num="16" count="2" type="stmt"/>
        <line num="20" count="2" type="cond" truecount="2" falsecount="0"/>
        <line num="21" count="1" type="stmt"/>
        <line num="22" count="3" type="stmt"/>
        <line num="27" count="2" type="cond" truecount="2" falsecount="0"/>
        <line num="28" count="1" type="stmt"/>
        <line num="29" count="1" type="stmt"/>
        <line num="30" count="3" type="stmt"/>
        <line num="32" count="1" type="stmt"/>
        <line num="36" count="2" type="cond" truecount="2" falsecount="0"/>
        <line num="37" count="1" type="stmt"/>
        <line num="38" count="1" type="stmt"/>
        <line num="39" count="3" type="cond" truecount="2" falsecount="0"/>
        <line num="41" count="1" type="stmt"/>
        <line num="45" count="1" type="stmt"/>
      </file>
    </metrics>
  </project>
</coverage>
