{"/Users/jen/codefellows/401/02-tools-and-context/lib/list.js": {"path":"/Users/jen/codefellows/401/02-tools-and-context/lib/list.js","statementMap":{"0":{"start":{"line":5,"column":8},"end":{"line":5,"column":24}},"1":{"start":{"line":9,"column":8},"end":{"line":9,"column":35}},"2":{"start":{"line":20,"column":4},"end":{"line":20,"column":63}},"3":{"start":{"line":20,"column":44},"end":{"line":20,"column":61}},"4":{"start":{"line":21,"column":17},"end":{"line":21,"column":27}},"5":{"start":{"line":22,"column":4},"end":{"line":24,"column":5}},"6":{"start":{"line":23,"column":6},"end":{"line":23,"column":40}},"7":{"start":{"line":25,"column":4},"end":{"line":25,"column":18}},"8":{"start":{"line":29,"column":0},"end":{"line":29,"column":22}}},"fnMap":{"0":{"name":"(anonymous_0)","decl":{"start":{"line":4,"column":4},"end":{"line":4,"column":5}},"loc":{"start":{"line":4,"column":18},"end":{"line":6,"column":5}},"line":4},"1":{"name":"(anonymous_1)","decl":{"start":{"line":8,"column":4},"end":{"line":8,"column":5}},"loc":{"start":{"line":8,"column":15},"end":{"line":10,"column":5}},"line":8},"2":{"name":"(anonymous_2)","decl":{"start":{"line":19,"column":3},"end":{"line":19,"column":4}},"loc":{"start":{"line":19,"column":17},"end":{"line":26,"column":1}},"line":19}},"branchMap":{"0":{"loc":{"start":{"line":20,"column":4},"end":{"line":20,"column":63}},"type":"if","locations":[{"start":{"line":20,"column":4},"end":{"line":20,"column":63}},{"start":{"line":20,"column":4},"end":{"line":20,"column":63}}],"line":20}},"s":{"0":3,"1":4,"2":0,"3":0,"4":0,"5":0,"6":0,"7":0,"8":1},"f":{"0":3,"1":4,"2":0},"b":{"0":[0,0]},"_coverageSchema":"332fd63041d2c1bcb487cc26dd0d5f7d97098a6c","hash":"15f8e4c83ff1eb8d6d5811e08d161a9cdbb16084"}
}
