{"/Users/jen/codefellows/401/02-tools-and-context/lib/list.js": {"path":"/Users/jen/codefellows/401/02-tools-and-context/lib/list.js","statementMap":{"0":{"start":{"line":5,"column":4},"end":{"line":5,"column":20}},"1":{"start":{"line":9,"column":4},"end":{"line":9,"column":31}},"2":{"start":{"line":13,"column":15},"end":{"line":13,"column":34}},"3":{"start":{"line":14,"column":4},"end":{"line":14,"column":31}},"4":{"start":{"line":15,"column":4},"end":{"line":15,"column":18}},"5":{"start":{"line":16,"column":4},"end":{"line":16,"column":16}},"6":{"start":{"line":20,"column":4},"end":{"line":20,"column":63}},"7":{"start":{"line":20,"column":44},"end":{"line":20,"column":61}},"8":{"start":{"line":21,"column":4},"end":{"line":23,"column":5}},"9":{"start":{"line":22,"column":6},"end":{"line":22,"column":27}},"10":{"start":{"line":27,"column":4},"end":{"line":27,"column":63}},"11":{"start":{"line":27,"column":44},"end":{"line":27,"column":61}},"12":{"start":{"line":28,"column":17},"end":{"line":28,"column":27}},"13":{"start":{"line":29,"column":4},"end":{"line":31,"column":5}},"14":{"start":{"line":30,"column":6},"end":{"line":30,"column":40}},"15":{"start":{"line":32,"column":4},"end":{"line":32,"column":18}},"16":{"start":{"line":36,"column":4},"end":{"line":36,"column":63}},"17":{"start":{"line":36,"column":44},"end":{"line":36,"column":61}},"18":{"start":{"line":37,"column":19},"end":{"line":37,"column":29}},"19":{"start":{"line":38,"column":4},"end":{"line":40,"column":5}},"20":{"start":{"line":39,"column":6},"end":{"line":39,"column":55}},"21":{"start":{"line":39,"column":32},"end":{"line":39,"column":55}},"22":{"start":{"line":41,"column":4},"end":{"line":41,"column":20}},"23":{"start":{"line":45,"column":0},"end":{"line":45,"column":22}}},"fnMap":{"0":{"name":"(anonymous_0)","decl":{"start":{"line":4,"column":2},"end":{"line":4,"column":3}},"loc":{"start":{"line":4,"column":16},"end":{"line":6,"column":3}},"line":4},"1":{"name":"(anonymous_1)","decl":{"start":{"line":8,"column":2},"end":{"line":8,"column":3}},"loc":{"start":{"line":8,"column":13},"end":{"line":10,"column":3}},"line":8},"2":{"name":"(anonymous_2)","decl":{"start":{"line":12,"column":2},"end":{"line":12,"column":3}},"loc":{"start":{"line":12,"column":8},"end":{"line":17,"column":3}},"line":12},"3":{"name":"(anonymous_3)","decl":{"start":{"line":19,"column":2},"end":{"line":19,"column":3}},"loc":{"start":{"line":19,"column":20},"end":{"line":24,"column":3}},"line":19},"4":{"name":"(anonymous_4)","decl":{"start":{"line":26,"column":2},"end":{"line":26,"column":3}},"loc":{"start":{"line":26,"column":16},"end":{"line":33,"column":3}},"line":26},"5":{"name":"(anonymous_5)","decl":{"start":{"line":35,"column":2},"end":{"line":35,"column":3}},"loc":{"start":{"line":35,"column":19},"end":{"line":42,"column":3}},"line":35}},"branchMap":{"0":{"loc":{"start":{"line":20,"column":4},"end":{"line":20,"column":63}},"type":"if","locations":[{"start":{"line":20,"column":4},"end":{"line":20,"column":63}},{"start":{"line":20,"column":4},"end":{"line":20,"column":63}}],"line":20},"1":{"loc":{"start":{"line":27,"column":4},"end":{"line":27,"column":63}},"type":"if","locations":[{"start":{"line":27,"column":4},"end":{"line":27,"column":63}},{"start":{"line":27,"column":4},"end":{"line":27,"column":63}}],"line":27},"2":{"loc":{"start":{"line":36,"column":4},"end":{"line":36,"column":63}},"type":"if","locations":[{"start":{"line":36,"column":4},"end":{"line":36,"column":63}},{"start":{"line":36,"column":4},"end":{"line":36,"column":63}}],"line":36},"3":{"loc":{"start":{"line":39,"column":6},"end":{"line":39,"column":55}},"type":"if","locations":[{"start":{"line":39,"column":6},"end":{"line":39,"column":55}},{"start":{"line":39,"column":6},"end":{"line":39,"column":55}}],"line":39}},"s":{"0":13,"1":30,"2":2,"3":2,"4":2,"5":2,"6":2,"7":1,"8":1,"9":3,"10":2,"11":1,"12":1,"13":1,"14":3,"15":1,"16":2,"17":1,"18":1,"19":1,"20":3,"21":1,"22":1,"23":1},"f":{"0":13,"1":30,"2":2,"3":2,"4":2,"5":2},"b":{"0":[1,1],"1":[1,1],"2":[1,1],"3":[1,2]},"_coverageSchema":"332fd63041d2c1bcb487cc26dd0d5f7d97098a6c","hash":"ceb309b762e9997a8bc25a177ea79edf0b83f4f1"}
}
