TN:
SF:/Users/jen/codefellows/401/02-tools-and-context/lib/list.js
FN:4,(anonymous_0)
FN:8,(anonymous_1)
FN:12,(anonymous_2)
FN:19,(anonymous_3)
FN:26,(anonymous_4)
FN:35,(anonymous_5)
FNF:6
FNH:6
FNDA:13,(anonymous_0)
FNDA:30,(anonymous_1)
FNDA:2,(anonymous_2)
FNDA:2,(anonymous_3)
FNDA:2,(anonymous_4)
FNDA:2,(anonymous_5)
DA:5,13
DA:9,30
DA:13,2
DA:14,2
DA:15,2
DA:16,2
DA:20,2
DA:21,1
DA:22,3
DA:27,2
DA:28,1
DA:29,1
DA:30,3
DA:32,1
DA:36,2
DA:37,1
DA:38,1
DA:39,3
DA:41,1
DA:45,1
LF:20
LH:20
BRDA:20,0,0,1
BRDA:20,0,1,1
BRDA:27,1,0,1
BRDA:27,1,1,1
BRDA:36,2,0,1
BRDA:36,2,1,1
BRDA:39,3,0,1
BRDA:39,3,1,2
BRF:8
BRH:8
end_of_record
